New log file opened at Thu Dec 31 16:30:16 GMT 2015 by 27028@chrischivers-W65-67SR
Taking next connection to: 39623
New client attempting to connect on port: 45380-39623
  Address = /127.0.1.1:39623
This client on port 45380 has uuid 56c0dd58-c537-45ee-bb90-2fedab09fdb3 configName play-fork-run humanReadableName Play Fork Run protocolVersion 1 featureTags Vector()
Connected Clients: play-fork-run-56c0dd58-c537-45ee-bb90-2fedab09fdb3
Taking next connection to: 39623
New client attempting to connect on port: 45422-39623
  Address = /127.0.1.1:39623
Handshake exception on socket: 45422
sbt.impl.ipc.HandshakeException: Unable to perform handshake
	at sbt.impl.ipc.Peer.handshake(IPC.scala:46)
	at sbt.impl.ipc.MultiClientServer.<init>(IPC.scala:150)
	at sbt.server.SbtServerSocketHandler$$anon$1.run(SbtServerSocketHandler.scala:43)
Caused by: java.io.EOFException
	at java.io.DataInputStream.readInt(DataInputStream.java:392)
	at sbt.impl.ipc.Peer.receive(IPC.scala:95)
	at sbt.impl.ipc.Peer.handshake(IPC.scala:49)
	... 2 more
Taking next connection to: 39623
New client attempting to connect on port: 45424-39623
  Address = /127.0.1.1:39623
This client on port 45424 has uuid 951466b1-2f78-4b67-843f-90f72f967432 configName play-fork-run humanReadableName Play Fork Run protocolVersion 1 featureTags Vector()
Connected Clients: play-fork-run-951466b1-2f78-4b67-843f-90f72f967432
Taking next connection to: 39623
